# JRE version: Java(TM) SE Runtime Environment (8.0_121-b13) (build 1.8.0_121-b13)
# Java VM: Java HotSpot(TM) 64-Bit Server VM (25.121-b13 mixed mode windows-amd64 compressed oops)
Heap:
 PSYoungGen      total 94208K, used 79276K [0x0000000756d80000, 0x0000000762580000, 0x00000007c0000000)
  eden space 80896K, 97% used [0x0000000756d80000,0x000000075baeb318,0x000000075bc80000)
  from space 13312K, 0% used [0x000000075c980000,0x000000075c980000,0x000000075d680000)
  to   space 13312K, 0% used [0x000000075bc80000,0x000000075bc80000,0x000000075c980000)
 ParOldGen       total 131584K, used 9070K [0x0000000684800000, 0x000000068c880000, 0x0000000756d80000)
  object space 131584K, 6% used [0x0000000684800000,0x00000006850dbb50,0x000000068c880000)
 Metaspace       used 26496K, capacity 28170K, committed 28416K, reserved 1073152K
  class space    used 3436K, capacity 3751K, committed 3840K, reserved 1048576K
GC Heap History (6 events):
Event: 1.378 GC heap before
{Heap before GC invocations=1 (full 0):
 PSYoungGen      total 94208K, used 80896K [0x0000000756d80000, 0x000000075d680000, 0x00000007c0000000)
  eden space 80896K, 100% used [0x0000000756d80000,0x000000075bc80000,0x000000075bc80000)
  from space 13312K, 0% used [0x000000075c980000,0x000000075c980000,0x000000075d680000)
  to   space 13312K, 0% used [0x000000075bc80000,0x000000075bc80000,0x000000075c980000)
 ParOldGen       total 216064K, used 0K [0x0000000684800000, 0x0000000691b00000, 0x0000000756d80000)
  object space 216064K, 0% used [0x0000000684800000,0x0000000684800000,0x0000000691b00000)
 Metaspace       used 15422K, capacity 16160K, committed 16512K, reserved 1062912K
  class space    used 1921K, capacity 2104K, committed 2176K, reserved 1048576K
Event: 1.389 GC heap after
Heap after GC invocations=1 (full 0):
 PSYoungGen      total 94208K, used 10391K [0x0000000756d80000, 0x000000075d680000, 0x00000007c0000000)
  eden space 80896K, 0% used [0x0000000756d80000,0x0000000756d80000,0x000000075bc80000)
  from space 13312K, 78% used [0x000000075bc80000,0x000000075c6a5e10,0x000000075c980000)
  to   space 13312K, 0% used [0x000000075c980000,0x000000075c980000,0x000000075d680000)
 ParOldGen       total 216064K, used 16K [0x0000000684800000, 0x0000000691b00000, 0x0000000756d80000)
  object space 216064K, 0% used [0x0000000684800000,0x0000000684804000,0x0000000691b00000)
 Metaspace       used 15422K, capacity 16160K, committed 16512K, reserved 1062912K
  class space    used 1921K, capacity 2104K, committed 2176K, reserved 1048576K
}
Event: 1.720 GC heap before
{Heap before GC invocations=2 (full 0):
 PSYoungGen      total 94208K, used 55628K [0x0000000756d80000, 0x000000075d680000, 0x00000007c0000000)
  eden space 80896K, 55% used [0x0000000756d80000,0x00000007599ad2f0,0x000000075bc80000)
  from space 13312K, 78% used [0x000000075bc80000,0x000000075c6a5e10,0x000000075c980000)
  to   space 13312K, 0% used [0x000000075c980000,0x000000075c980000,0x000000075d680000)
 ParOldGen       total 216064K, used 16K [0x0000000684800000, 0x0000000691b00000, 0x0000000756d80000)
  object space 216064K, 0% used [0x0000000684800000,0x0000000684804000,0x0000000691b00000)
 Metaspace       used 20318K, capacity 21166K, committed 21248K, reserved 1067008K
  class space    used 2564K, capacity 2769K, committed 2816K, reserved 1048576K
Event: 1.728 GC heap after
Heap after GC invocations=2 (full 0):
 PSYoungGen      total 94208K, used 9501K [0x0000000756d80000, 0x0000000762580000, 0x00000007c0000000)
  eden space 80896K, 0% used [0x0000000756d80000,0x0000000756d80000,0x000000075bc80000)
  from space 13312K, 71% used [0x000000075c980000,0x000000075d2c7780,0x000000075d680000)
  to   space 13312K, 0% used [0x000000075bc80000,0x000000075bc80000,0x000000075c980000)
 ParOldGen       total 216064K, used 24K [0x0000000684800000, 0x0000000691b00000, 0x0000000756d80000)
  object space 216064K, 0% used [0x0000000684800000,0x0000000684806000,0x0000000691b00000)
 Metaspace       used 20318K, capacity 21166K, committed 21248K, reserved 1067008K
  class space    used 2564K, capacity 2769K, committed 2816K, reserved 1048576K
}
Event: 1.728 GC heap before
{Heap before GC invocations=3 (full 1):
 PSYoungGen      total 94208K, used 9501K [0x0000000756d80000, 0x0000000762580000, 0x00000007c0000000)
  eden space 80896K, 0% used [0x0000000756d80000,0x0000000756d80000,0x000000075bc80000)
  from space 13312K, 71% used [0x000000075c980000,0x000000075d2c7780,0x000000075d680000)
  to   space 13312K, 0% used [0x000000075bc80000,0x000000075bc80000,0x000000075c980000)
 ParOldGen       total 216064K, used 24K [0x0000000684800000, 0x0000000691b00000, 0x0000000756d80000)
  object space 216064K, 0% used [0x0000000684800000,0x0000000684806000,0x0000000691b00000)
 Metaspace       used 20318K, capacity 21166K, committed 21248K, reserved 1067008K
  class space    used 2564K, capacity 2769K, committed 2816K, reserved 1048576K
Event: 1.756 GC heap after
Heap after GC invocations=3 (full 1):
 PSYoungGen      total 94208K, used 0K [0x0000000756d80000, 0x0000000762580000, 0x00000007c0000000)
  eden space 80896K, 0% used [0x0000000756d80000,0x0000000756d80000,0x000000075bc80000)
  from space 13312K, 0% used [0x000000075c980000,0x000000075c980000,0x000000075d680000)
  to   space 13312K, 0% used [0x000000075bc80000,0x000000075bc80000,0x000000075c980000)
 ParOldGen       total 131584K, used 9070K [0x0000000684800000, 0x000000068c880000, 0x0000000756d80000)
  object space 131584K, 6% used [0x0000000684800000,0x00000006850dbb50,0x000000068c880000)
 Metaspace       used 20318K, capacity 21166K, committed 21248K, reserved 1067008K
  class space    used 2564K, capacity 2769K, committed 2816K, reserved 1048576K
}

