# JRE version: Java(TM) SE Runtime Environment (8.0_121-b13) (build 1.8.0_121-b13)
# Java VM: Java HotSpot(TM) 64-Bit Server VM (25.121-b13 mixed mode windows-amd64 compressed oops)
Heap:
 PSYoungGen      total 132608K, used 48433K [0x0000000756d80000, 0x000000075fc80000, 0x00000007c0000000)
  eden space 119808K, 40% used [0x0000000756d80000,0x0000000759ccc5e8,0x000000075e280000)
  from space 12800K, 0% used [0x000000075f000000,0x000000075f000000,0x000000075fc80000)
  to   space 13312K, 0% used [0x000000075e280000,0x000000075e280000,0x000000075ef80000)
 ParOldGen       total 207360K, used 14563K [0x0000000684800000, 0x0000000691280000, 0x0000000756d80000)
  object space 207360K, 7% used [0x0000000684800000,0x0000000685638d08,0x0000000691280000)
 Metaspace       used 37651K, capacity 39874K, committed 40064K, reserved 1083392K
  class space    used 4761K, capacity 5193K, committed 5248K, reserved 1048576K
GC Heap History (10 events):
Event: 2.120 GC heap before
{Heap before GC invocations=2 (full 0):
 PSYoungGen      total 94208K, used 66525K [0x0000000756d80000, 0x000000075d680000, 0x00000007c0000000)
  eden space 80896K, 70% used [0x0000000756d80000,0x000000075a55e120,0x000000075bc80000)
  from space 13312K, 69% used [0x000000075bc80000,0x000000075c5996d8,0x000000075c980000)
  to   space 13312K, 0% used [0x000000075c980000,0x000000075c980000,0x000000075d680000)
 ParOldGen       total 216064K, used 16K [0x0000000684800000, 0x0000000691b00000, 0x0000000756d80000)
  object space 216064K, 0% used [0x0000000684800000,0x0000000684804000,0x0000000691b00000)
 Metaspace       used 20297K, capacity 21174K, committed 21248K, reserved 1067008K
  class space    used 2542K, capacity 2769K, committed 2816K, reserved 1048576K
Event: 2.130 GC heap after
Heap after GC invocations=2 (full 0):
 PSYoungGen      total 94208K, used 10303K [0x0000000756d80000, 0x0000000762580000, 0x00000007c0000000)
  eden space 80896K, 0% used [0x0000000756d80000,0x0000000756d80000,0x000000075bc80000)
  from space 13312K, 77% used [0x000000075c980000,0x000000075d38fd50,0x000000075d680000)
  to   space 13312K, 0% used [0x000000075bc80000,0x000000075bc80000,0x000000075c980000)
 ParOldGen       total 216064K, used 24K [0x0000000684800000, 0x0000000691b00000, 0x0000000756d80000)
  object space 216064K, 0% used [0x0000000684800000,0x0000000684806000,0x0000000691b00000)
 Metaspace       used 20297K, capacity 21174K, committed 21248K, reserved 1067008K
  class space    used 2542K, capacity 2769K, committed 2816K, reserved 1048576K
}
Event: 2.130 GC heap before
{Heap before GC invocations=3 (full 1):
 PSYoungGen      total 94208K, used 10303K [0x0000000756d80000, 0x0000000762580000, 0x00000007c0000000)
  eden space 80896K, 0% used [0x0000000756d80000,0x0000000756d80000,0x000000075bc80000)
  from space 13312K, 77% used [0x000000075c980000,0x000000075d38fd50,0x000000075d680000)
  to   space 13312K, 0% used [0x000000075bc80000,0x000000075bc80000,0x000000075c980000)
 ParOldGen       total 216064K, used 24K [0x0000000684800000, 0x0000000691b00000, 0x0000000756d80000)
  object space 216064K, 0% used [0x0000000684800000,0x0000000684806000,0x0000000691b00000)
 Metaspace       used 20297K, capacity 21174K, committed 21248K, reserved 1067008K
  class space    used 2542K, capacity 2769K, committed 2816K, reserved 1048576K
Event: 2.159 GC heap after
Heap after GC invocations=3 (full 1):
 PSYoungGen      total 94208K, used 0K [0x0000000756d80000, 0x0000000762580000, 0x00000007c0000000)
  eden space 80896K, 0% used [0x0000000756d80000,0x0000000756d80000,0x000000075bc80000)
  from space 13312K, 0% used [0x000000075c980000,0x000000075c980000,0x000000075d680000)
  to   space 13312K, 0% used [0x000000075bc80000,0x000000075bc80000,0x000000075c980000)
 ParOldGen       total 131584K, used 9852K [0x0000000684800000, 0x000000068c880000, 0x0000000756d80000)
  object space 131584K, 7% used [0x0000000684800000,0x000000068519f2a8,0x000000068c880000)
 Metaspace       used 20297K, capacity 21174K, committed 21248K, reserved 1067008K
  class space    used 2542K, capacity 2769K, committed 2816K, reserved 1048576K
}
Event: 3.507 GC heap before
{Heap before GC invocations=4 (full 1):
 PSYoungGen      total 94208K, used 80896K [0x0000000756d80000, 0x0000000762580000, 0x00000007c0000000)
  eden space 80896K, 100% used [0x0000000756d80000,0x000000075bc80000,0x000000075bc80000)
  from space 13312K, 0% used [0x000000075c980000,0x000000075c980000,0x000000075d680000)
  to   space 13312K, 0% used [0x000000075bc80000,0x000000075bc80000,0x000000075c980000)
 ParOldGen       total 131584K, used 9852K [0x0000000684800000, 0x000000068c880000, 0x0000000756d80000)
  object space 131584K, 7% used [0x0000000684800000,0x000000068519f2a8,0x000000068c880000)
 Metaspace       used 26401K, capacity 28086K, committed 28288K, reserved 1073152K
  class space    used 3381K, capacity 3687K, committed 3712K, reserved 1048576K
Event: 3.521 GC heap after
Heap after GC invocations=4 (full 1):
 PSYoungGen      total 94208K, used 9181K [0x0000000756d80000, 0x000000075fd00000, 0x00000007c0000000)
  eden space 80896K, 0% used [0x0000000756d80000,0x0000000756d80000,0x000000075bc80000)
  from space 13312K, 68% used [0x000000075bc80000,0x000000075c577700,0x000000075c980000)
  to   space 13312K, 0% used [0x000000075f000000,0x000000075f000000,0x000000075fd00000)
 ParOldGen       total 131584K, used 9860K [0x0000000684800000, 0x000000068c880000, 0x0000000756d80000)
  object space 131584K, 7% used [0x0000000684800000,0x00000006851a12a8,0x000000068c880000)
 Metaspace       used 26401K, capacity 28086K, committed 28288K, reserved 1073152K
  class space    used 3381K, capacity 3687K, committed 3712K, reserved 1048576K
}
Event: 4.588 GC heap before
{Heap before GC invocations=5 (full 1):
 PSYoungGen      total 94208K, used 65913K [0x0000000756d80000, 0x000000075fd00000, 0x00000007c0000000)
  eden space 80896K, 70% used [0x0000000756d80000,0x000000075a4e7020,0x000000075bc80000)
  from space 13312K, 68% used [0x000000075bc80000,0x000000075c577700,0x000000075c980000)
  to   space 13312K, 0% used [0x000000075f000000,0x000000075f000000,0x000000075fd00000)
 ParOldGen       total 131584K, used 9860K [0x0000000684800000, 0x000000068c880000, 0x0000000756d80000)
  object space 131584K, 7% used [0x0000000684800000,0x00000006851a12a8,0x000000068c880000)
 Metaspace       used 33468K, capacity 35308K, committed 35416K, reserved 1081344K
  class space    used 4190K, capacity 4564K, committed 4608K, reserved 1048576K
Event: 4.601 GC heap after
Heap after GC invocations=5 (full 1):
 PSYoungGen      total 132608K, used 10217K [0x0000000756d80000, 0x000000075fc80000, 0x00000007c0000000)
  eden space 119808K, 0% used [0x0000000756d80000,0x0000000756d80000,0x000000075e280000)
  from space 12800K, 79% used [0x000000075f000000,0x000000075f9fa4a0,0x000000075fc80000)
  to   space 13312K, 0% used [0x000000075e280000,0x000000075e280000,0x000000075ef80000)
 ParOldGen       total 131584K, used 9932K [0x0000000684800000, 0x000000068c880000, 0x0000000756d80000)
  object space 131584K, 7% used [0x0000000684800000,0x00000006851b32b8,0x000000068c880000)
 Metaspace       used 33468K, capacity 35308K, committed 35416K, reserved 1081344K
  class space    used 4190K, capacity 4564K, committed 4608K, reserved 1048576K
}
Event: 4.601 GC heap before
{Heap before GC invocations=6 (full 2):
 PSYoungGen      total 132608K, used 10217K [0x0000000756d80000, 0x000000075fc80000, 0x00000007c0000000)
  eden space 119808K, 0% used [0x0000000756d80000,0x0000000756d80000,0x000000075e280000)
  from space 12800K, 79% used [0x000000075f000000,0x000000075f9fa4a0,0x000000075fc80000)
  to   space 13312K, 0% used [0x000000075e280000,0x000000075e280000,0x000000075ef80000)
 ParOldGen       total 131584K, used 9932K [0x0000000684800000, 0x000000068c880000, 0x0000000756d80000)
  object space 131584K, 7% used [0x0000000684800000,0x00000006851b32b8,0x000000068c880000)
 Metaspace       used 33468K, capacity 35308K, committed 35416K, reserved 1081344K
  class space    used 4190K, capacity 4564K, committed 4608K, reserved 1048576K
Event: 4.652 GC heap after
Heap after GC invocations=6 (full 2):
 PSYoungGen      total 132608K, used 0K [0x0000000756d80000, 0x000000075fc80000, 0x00000007c0000000)
  eden space 119808K, 0% used [0x0000000756d80000,0x0000000756d80000,0x000000075e280000)
  from space 12800K, 0% used [0x000000075f000000,0x000000075f000000,0x000000075fc80000)
  to   space 13312K, 0% used [0x000000075e280000,0x000000075e280000,0x000000075ef80000)
 ParOldGen       total 207360K, used 14563K [0x0000000684800000, 0x0000000691280000, 0x0000000756d80000)
  object space 207360K, 7% used [0x0000000684800000,0x0000000685638d08,0x0000000691280000)
 Metaspace       used 33468K, capacity 35308K, committed 35416K, reserved 1081344K
  class space    used 4190K, capacity 4564K, committed 4608K, reserved 1048576K
}

